[19:13:00] [ServerMain/INFO]: [bootstrap] Running Java 21 (OpenJDK 64-Bit Server VM 21.0.5+11-Ubuntu-1ubuntu120.04; Ubuntu null) on Linux 6.5.0-1025-azure (amd64)
[19:13:00] [ServerMain/INFO]: [bootstrap] Loading Paper 1.21.3-63-master@4190ee7 (2024-11-25T18:59:19Z) for Minecraft 1.21.3
[19:13:00] [ServerMain/INFO]: [PluginInitializerManager] Initializing plugins...
[19:13:01] [ServerMain/INFO]: [PluginInitializerManager] Initialized 3 plugins
[19:13:01] [ServerMain/INFO]: [PluginInitializerManager] Bukkit plugins (3):
 - GravesX (4.9.6.4), SkinsRestorer (15.5.1), sleep-most (5.5.1)
[19:13:05] [ServerMain/INFO]: Environment: Environment[sessionHost=https://sessionserver.mojang.com, servicesHost=https://api.minecraftservices.com, name=PROD]
[19:13:06] [ServerMain/INFO]: Loaded 1337 recipes
[19:13:06] [ServerMain/INFO]: Loaded 1448 advancements
[19:13:07] [Server thread/INFO]: Starting minecraft server version 1.21.3
[19:13:07] [Server thread/INFO]: Loading properties
[19:13:07] [Server thread/INFO]: This server is running Paper version 1.21.3-63-master@4190ee7 (2024-11-25T18:59:19Z) (Implementing API version 1.21.3-R0.1-SNAPSHOT)
[19:13:07] [Server thread/INFO]: [spark] This server bundles the spark profiler. For more information please visit https://docs.papermc.io/paper/profiling
[19:13:07] [Server thread/INFO]: Server Ping Player Sample Count: 12
[19:13:07] [Server thread/INFO]: Using 4 threads for Netty based IO
[19:13:08] [Server thread/INFO]: [MoonriseCommon] Paper is using 1 worker threads, 1 I/O threads
[19:13:08] [Server thread/INFO]: [ChunkTaskScheduler] Chunk system is using population gen parallelism: true
[19:13:08] [Server thread/INFO]: Default game type: SURVIVAL
[19:13:08] [Server thread/INFO]: Generating keypair
[19:13:08] [Server thread/INFO]: Starting Minecraft server on *:25565
[19:13:08] [Server thread/INFO]: Using epoll channel type
[19:13:09] [Server thread/INFO]: Paper: Using libdeflate (Linux x86_64) compression from Velocity.
[19:13:09] [Server thread/INFO]: Paper: Using OpenSSL 1.1.x (Linux x86_64) cipher from Velocity.
[19:13:09] [Server thread/INFO]: [sleep-most] Loading server plugin sleep-most v5.5.1
[19:13:09] [Server thread/INFO]: [GravesX] Loading server plugin GravesX v4.9.6.4
[19:13:09] [Server thread/INFO]: [SkinsRestorer] Loading server plugin SkinsRestorer v15.5.1
[19:13:09] [Server thread/INFO]: Server permissions file permissions.yml is empty, ignoring it
[19:13:09] [Server thread/INFO]: [SkinsRestorer] Enabling SkinsRestorer v15.5.1
[19:13:10] [Server thread/WARN]: [SkinsRestorer] You must agree to the rules at 'commands.perSkinPermissionsConsent' in the config to use per skin permissions.
[19:13:10] [Server thread/INFO]: [SkinsRestorer] Running on Minecraft 1.21.3.
[19:13:11] [Server thread/INFO]: [SkinsRestorer] Using paper join listener!
[19:13:11] [Server thread/WARN]: **** SERVER IS RUNNING IN OFFLINE/INSECURE MODE!
[19:13:11] [Server thread/WARN]: The server will make no attempt to authenticate usernames. Beware.
[19:13:11] [Server thread/WARN]: While this makes the game possible to play without internet access, it also opens up the ability for hackers to connect with any username they choose.
[19:13:11] [Server thread/WARN]: To change this, set "online-mode" to "true" in the server.properties file.
[19:13:11] [Server thread/INFO]: Preparing level "world"
[19:13:11] [Folia Async Scheduler Thread #1/INFO]: [SkinsRestorer] ----------------------------------------------
[19:13:11] [Folia Async Scheduler Thread #1/INFO]: [SkinsRestorer]     +==================+
[19:13:11] [Folia Async Scheduler Thread #1/INFO]: [SkinsRestorer]     |   SkinsRestorer  |
[19:13:11] [Folia Async Scheduler Thread #1/INFO]: [SkinsRestorer]     |------------------|
[19:13:11] [Folia Async Scheduler Thread #1/INFO]: [SkinsRestorer]     |  Standalone Mode |
[19:13:11] [Folia Async Scheduler Thread #1/INFO]: [SkinsRestorer]     +==================+
[19:13:11] [Folia Async Scheduler Thread #1/INFO]: [SkinsRestorer] ----------------------------------------------
[19:13:11] [Folia Async Scheduler Thread #1/INFO]: [SkinsRestorer]     Version: 15.5.1
[19:13:11] [Folia Async Scheduler Thread #1/INFO]: [SkinsRestorer]     Commit: d5d8613
[19:13:11] [Folia Async Scheduler Thread #1/INFO]: [SkinsRestorer]     This is the latest version!
[19:13:11] [Folia Async Scheduler Thread #1/INFO]: [SkinsRestorer] ----------------------------------------------
[19:13:11] [Folia Async Scheduler Thread #1/INFO]: [SkinsRestorer] Do you have issues? Read our troubleshooting guide: https://skinsrestorer.net/docs/troubleshooting
[19:13:11] [Folia Async Scheduler Thread #1/INFO]: [SkinsRestorer] Want to support SkinsRestorer? Consider donating: https://skinsrestorer.net/donate
[19:13:12] [Server thread/INFO]: Preparing start region for dimension minecraft:overworld
[19:13:12] [Paper Common Worker #0/INFO]: [MCTypeRegistry] Initialising converters for DataConverter...
[19:13:12] [Paper Common Worker #0/INFO]: [MCTypeRegistry] Finished initialising converters for DataConverter in 415.4ms
[19:13:12] [Server thread/INFO]: Preparing spawn area: 0%
[19:13:12] [Server thread/INFO]: Preparing spawn area: 0%
[19:13:13] [Server thread/INFO]: Preparing spawn area: 0%
[19:13:14] [Server thread/INFO]: Preparing spawn area: 0%
[19:13:14] [Server thread/INFO]: Preparing spawn area: 0%
[19:13:14] [Server thread/INFO]: Time elapsed: 2108 ms
[19:13:14] [Server thread/INFO]: Preparing start region for dimension minecraft:the_nether
[19:13:14] [Server thread/INFO]: Preparing spawn area: 0%
[19:13:14] [Server thread/INFO]: Time elapsed: 146 ms
[19:13:14] [Server thread/INFO]: Preparing start region for dimension minecraft:the_end
[19:13:14] [Server thread/INFO]: Preparing spawn area: 0%
[19:13:14] [Server thread/INFO]: Time elapsed: 113 ms
[19:13:14] [Server thread/INFO]: [sleep-most] Enabling sleep-most v5.5.1
[19:13:14] [Server thread/INFO]: [GravesX] Enabling GravesX v4.9.6.4
[19:13:14] [Server thread/INFO]: [GravesX] Loading Libraries for GravesX
[19:13:14] [Server thread/INFO]: [GravesX] Loading library com.zaxxer.HikariCP version 6.0.0.
[19:13:14] [Server thread/INFO]: [GravesX] Loading library com.zaxxer:HikariCP:6.0.0
[19:13:15] [Server thread/INFO]: [GravesX] Loading library org.slf4j:slf4j-api:1.7.36
[19:13:15] [Server thread/INFO]: [GravesX] Loading library org.javassist:javassist:3.29.2-GA
[19:13:15] [Server thread/INFO]: [GravesX] Loading library io.micrometer:micrometer-core:1.5.10
[19:13:15] [Server thread/INFO]: [GravesX] Loading library org.hdrhistogram:HdrHistogram:2.1.12
[19:13:15] [Server thread/INFO]: [GravesX] Loading library org.latencyutils:LatencyUtils:2.0.3
[19:13:15] [Server thread/INFO]: [GravesX] Loaded library com.zaxxer.HikariCP version 6.0.0 and shaded successfully.
[19:13:15] [Server thread/INFO]: [GravesX] Loading library org.xerial.sqlite-jdbc version 3.47.0.0.
[19:13:15] [Server thread/INFO]: [GravesX] Loading library org.xerial:sqlite-jdbc:3.47.0.0
[19:13:15] [Server thread/INFO]: [GravesX] Loading library org.slf4j:slf4j-api:1.7.36
[19:13:15] [Server thread/INFO]: [GravesX] Loaded library org.xerial.sqlite-jdbc version 3.47.0.0 successfully.
[19:13:15] [Server thread/INFO]: [GravesX] Loading library org.json.json version 20240303.
[19:13:15] [Server thread/INFO]: [GravesX] Loading library org.json:json:20240303
[19:13:15] [Server thread/INFO]: [GravesX] Loaded library org.json.json version 20240303 successfully.
[19:13:15] [Server thread/INFO]: [GravesX] Loading library com.h2database.h2 version 2.3.232.
[19:13:15] [Server thread/INFO]: [GravesX] Loading library com.h2database:h2:2.3.232
[19:13:15] [Server thread/INFO]: [GravesX] Loaded library com.h2database.h2 version 2.3.232 and shaded successfully.
[19:13:15] [Server thread/INFO]: [GravesX] Loading library net.kyori.adventure-api version 4.17.0.
[19:13:15] [Server thread/INFO]: [GravesX] Loading library net.kyori:adventure-api:4.17.0
[19:13:15] [Server thread/INFO]: [GravesX] Loading library net.kyori:adventure-key:4.17.0
[19:13:15] [Server thread/INFO]: [GravesX] Loading library net.kyori:examination-api:1.3.0
[19:13:15] [Server thread/INFO]: [GravesX] Loading library net.kyori:examination-string:1.3.0
[19:13:15] [Server thread/INFO]: [GravesX] Loading library org.jetbrains:annotations:24.1.0
[19:13:15] [Server thread/INFO]: [GravesX] Loaded library net.kyori.adventure-api version 4.17.0 and shaded successfully.
[19:13:15] [Server thread/INFO]: [GravesX] Loading library net.kyori.adventure-text-minimessage version 4.17.0.
[19:13:15] [Server thread/INFO]: [GravesX] Loading library net.kyori:adventure-text-minimessage:4.17.0
[19:13:16] [Server thread/INFO]: [GravesX] Loading library net.kyori:adventure-api:4.17.0
[19:13:16] [Server thread/INFO]: [GravesX] Loading library net.kyori:adventure-key:4.17.0
[19:13:16] [Server thread/INFO]: [GravesX] Loading library net.kyori:examination-api:1.3.0
[19:13:16] [Server thread/INFO]: [GravesX] Loading library net.kyori:examination-string:1.3.0
[19:13:16] [Server thread/INFO]: [GravesX] Loading library org.jetbrains:annotations:24.1.0
[19:13:16] [Server thread/INFO]: [GravesX] Loaded library net.kyori.adventure-text-minimessage version 4.17.0 and shaded successfully.
[19:13:16] [Server thread/INFO]: [GravesX] Loading library net.kyori.adventure-text-serializer-gson version 4.17.0.
[19:13:16] [Server thread/INFO]: [GravesX] Loading library net.kyori:adventure-text-serializer-gson:4.17.0
[19:13:16] [Server thread/INFO]: [GravesX] Loading library net.kyori:adventure-text-serializer-json:4.17.0
[19:13:16] [Server thread/INFO]: [GravesX] Loading library net.kyori:adventure-api:4.17.0
[19:13:16] [Server thread/INFO]: [GravesX] Loading library net.kyori:adventure-key:4.17.0
[19:13:16] [Server thread/INFO]: [GravesX] Loading library net.kyori:examination-api:1.3.0
[19:13:16] [Server thread/INFO]: [GravesX] Loading library net.kyori:examination-string:1.3.0
[19:13:16] [Server thread/INFO]: [GravesX] Loading library org.jetbrains:annotations:24.1.0
[19:13:16] [Server thread/INFO]: [GravesX] Loading library net.kyori:option:1.0.0
[19:13:16] [Server thread/INFO]: [GravesX] Loading library com.google.code.gson:gson:2.8.0
[19:13:16] [Server thread/INFO]: [GravesX] Loading library com.google.auto.service:auto-service-annotations:1.1.1
[19:13:16] [Server thread/INFO]: [GravesX] Loaded library net.kyori.adventure-text-serializer-gson version 4.17.0 and shaded successfully.
[19:13:16] [Server thread/INFO]: [GravesX] Loading library net.kyori.adventure-platform-bukkit version 4.3.3.
[19:13:16] [Server thread/INFO]: [GravesX] Loading library net.kyori:adventure-platform-bukkit:4.3.3
[19:13:16] [Server thread/INFO]: [GravesX] Loading library net.kyori:adventure-platform-api:4.3.3
[19:13:16] [Server thread/INFO]: [GravesX] Loading library net.kyori:adventure-api:4.13.1
[19:13:16] [Server thread/INFO]: [GravesX] Loading library net.kyori:adventure-key:4.13.1
[19:13:16] [Server thread/INFO]: [GravesX] Loading library net.kyori:adventure-text-serializer-bungeecord:4.3.3
[19:13:16] [Server thread/INFO]: [GravesX] Loading library net.kyori:adventure-text-serializer-legacy:4.13.1
[19:13:16] [Server thread/INFO]: [GravesX] Loading library net.kyori:adventure-nbt:4.13.1
[19:13:16] [Server thread/INFO]: [GravesX] Loading library net.kyori:examination-api:1.3.0
[19:13:16] [Server thread/INFO]: [GravesX] Loading library net.kyori:examination-string:1.3.0
[19:13:16] [Server thread/INFO]: [GravesX] Loading library org.jetbrains:annotations:24.0.1
[19:13:16] [Server thread/INFO]: [GravesX] Loading library net.kyori:adventure-text-serializer-gson:4.13.1
[19:13:16] [Server thread/INFO]: [GravesX] Loading library net.kyori:adventure-text-serializer-gson-legacy-impl:4.13.1
[19:13:16] [Server thread/INFO]: [GravesX] Loading library net.kyori:adventure-platform-facet:4.3.3
[19:13:16] [Server thread/INFO]: [GravesX] Loading library net.kyori:adventure-platform-viaversion:4.3.3
[19:13:16] [Server thread/INFO]: [GravesX] Loaded library net.kyori.adventure-platform-bukkit version 4.3.3 and shaded successfully.
[19:13:16] [Server thread/INFO]: [GravesX] Loading library de.themoep.minedown-adventure version 1.7.3-graves.
[19:13:16] [Server thread/INFO]: [GravesX] Loading library de.themoep:minedown-adventure:1.7.3-graves
[19:13:16] [Server thread/INFO]: [GravesX] Loaded library de.themoep.minedown-adventure version 1.7.3-graves and shaded successfully.
[19:13:16] [Server thread/INFO]: [GravesX] Loading library me.imdanix.MiniTranslator version 2.1-graves.
[19:13:16] [Server thread/INFO]: [GravesX] Loading library me.imdanix:MiniTranslator:2.1-graves
[19:13:16] [Server thread/INFO]: [GravesX] Loaded library me.imdanix.MiniTranslator version 2.1-graves and shaded successfully.
[19:13:16] [Server thread/INFO]: [GravesX] Loading library com.github.puregero.multilib version 1.2.4.
[19:13:16] [Server thread/INFO]: [GravesX] Loading library com.github.puregero:multilib:1.2.4
[19:13:16] [Server thread/INFO]: [GravesX] Loading library org.jetbrains:annotations:22.0.0
[19:13:16] [Server thread/INFO]: [GravesX] Loading library com.github.puregero:multilib-common:1.2.4
[19:13:16] [Server thread/INFO]: [GravesX] Loading library com.github.puregero:multilib-bukkit:1.2.4
[19:13:16] [Server thread/INFO]: [GravesX] Loading library com.github.puregero:multilib-multipaper:1.2.4
[19:13:16] [Server thread/INFO]: [GravesX] Loading library com.github.puregero:regionized-common:1.2.4
[19:13:16] [Server thread/INFO]: [GravesX] Loading library com.github.puregero:regionized-bukkit:1.2.4
[19:13:16] [Server thread/INFO]: [GravesX] Loading library com.github.puregero:regionized-paper:1.2.4
[19:13:16] [Server thread/INFO]: [GravesX] Loaded library com.github.puregero.multilib version 1.2.4 and shaded successfully.
[19:13:16] [Server thread/INFO]: [GravesX] Loading library org.apache.commons.commons-text version 1.12.0.
[19:13:16] [Server thread/INFO]: [GravesX] Loading library org.apache.commons:commons-text:1.12.0
[19:13:16] [Server thread/INFO]: [GravesX] Loading library org.apache.commons:commons-lang3:3.14.0
[19:13:16] [Server thread/INFO]: [GravesX] Loaded library org.apache.commons.commons-text version 1.12.0 and shaded successfully.
[19:13:16] [Server thread/INFO]: [GravesX] Finished Loading Libraries for GravesX.
[19:13:17] [Server thread/INFO]: [GravesX] Integration: Hooked into MiniMessage.
[19:13:17] [Server thread/INFO]: [GravesX] Integration: Hooked into Minedown Adventure.
[19:13:17] [Server thread/INFO]: [com.ranull.graves.libraries.hikari.HikariDataSource] Graves H2 - Starting...
[19:13:17] [Server thread/INFO]: [com.ranull.graves.libraries.hikari.pool.HikariPool] Graves H2 - Added connection conn1: url=jdbc:h2:file:./plugins/GravesX/data/graves.data user=SA
[19:13:17] [Server thread/INFO]: [com.ranull.graves.libraries.hikari.HikariDataSource] Graves H2 - Start completed.
[19:13:17] [Server thread/WARN]: [GravesX] SQLite database file or folder does not exist in "plugins/GravesX/data". Skipping database migration.
[19:13:18] [Server thread/INFO]: [GravesX] Metrics has been enabled. All metrics will be sent to https://bstats.org/plugin/bukkit/Graves/12849 and https://bstats.org/plugin/bukkit/GravesX/23069.
[19:13:18] [Server thread/INFO]: [spark] Starting background profiler...
[19:13:18] [Server thread/INFO]: Done preparing level "world" (6.941s)
[19:13:18] [Server thread/INFO]: Running delayed init tasks
[19:13:18] [Server thread/INFO]: [GravesX] Registering Crash Handler...
[19:13:18] [Server thread/INFO]: [GravesX] Registered Crash Handler. Server will handle crashes in a separate thread.
[19:13:18] [Server thread/INFO]: Done (19.379s)! For help, type "help"
[19:13:18] [Craft Scheduler Thread - 2 - GravesX/INFO]: [GravesX] Loading grave maps...
[19:13:18] [Craft Scheduler Thread - 2 - GravesX/INFO]: [GravesX] Found 0 grave maps to load into cache.
[19:13:18] [Craft Scheduler Thread - 8 - GravesX/INFO]: [GravesX] Loading Holograms into Hologram Map Cache...
[19:13:18] [Craft Scheduler Thread - 8 - GravesX/INFO]: [GravesX] Loaded 0 Holograms into Hologram Map Cache.
[19:13:18] [Craft Scheduler Thread - 9 - GravesX/INFO]: [GravesX] Loading Entity Map Cache for itemframe...
[19:13:18] [Craft Scheduler Thread - 9 - GravesX/INFO]: [GravesX] Loaded 0 entities into Entity Map Cache for itemframe.
[19:13:18] [Craft Scheduler Thread - 10 - GravesX/INFO]: [GravesX] Loading Entity Map Cache for armorstand...
[19:13:18] [Craft Scheduler Thread - 10 - GravesX/INFO]: [GravesX] Loaded 0 entities into Entity Map Cache for armorstand.
[19:13:18] [Craft Scheduler Thread - 11 - GravesX/INFO]: [GravesX] Loading Block Map cache...
[19:13:18] [Craft Scheduler Thread - 11 - GravesX/INFO]: [GravesX] Loaded 0 Blocks into Block Map Cache.
[19:13:18] [Craft Scheduler Thread - 0 - GravesX/WARN]: [GravesX] You are using an outdated version of GravesX.
[19:13:18] [Craft Scheduler Thread - 0 - GravesX/WARN]: [GravesX] Installed Version: 4.9.6.4
[19:13:18] [Craft Scheduler Thread - 0 - GravesX/WARN]: [GravesX] Latest Version:  4.9.7.3
[19:13:18] [Craft Scheduler Thread - 0 - GravesX/WARN]: [GravesX] Grab the latest release from https://www.spigotmc.org/resources/118271/
[19:18:01] [User Authenticator #0/INFO]: UUID of player geotrush is 583146d1-b2cf-3918-9ea5-b7f59e3efdcf
[19:18:04] [Server thread/INFO]: geotrush joined the game
[19:18:04] [Server thread/INFO]: geotrush[/127.243.211.55:37235] logged in with entity id 115 at ([world]-4588.797745566578, 128.0, 1134.0273766907396)
[19:19:16] [User Authenticator #1/INFO]: UUID of player Rcer_mc is 697956e9-2eb5-37d0-ab08-c40f51de3c18
[19:19:18] [Server thread/INFO]: Rcer_mc joined the game
[19:19:18] [Server thread/INFO]: Rcer_mc[/127.9.77.92:58299] logged in with entity id 427 at ([world]-4575.399301393986, 128.0, 1142.093886348457)
[19:19:25] [Async Chat Thread - #0/INFO]: [Not Secure] <geotrush> mi vidaaa
[19:19:32] [Async Chat Thread - #0/INFO]: [Not Secure] <Rcer_mc> mi amooor
[19:20:05] [Async Chat Thread - #0/INFO]: [Not Secure] <Rcer_mc> OYE
[19:20:09] [Async Chat Thread - #0/INFO]: [Not Secure] <geotrush> yaya perdon p
[19:20:11] [Async Chat Thread - #1/INFO]: [Not Secure] <geotrush> es q te extrañe mucho
[19:20:15] [Async Chat Thread - #1/INFO]: [Not Secure] <Rcer_mc> q fue eso mañuco
[19:20:28] [Async Chat Thread - #1/INFO]: [Not Secure] <geotrush> te extrañe mucho p
[19:20:38] [Async Chat Thread - #1/INFO]: [Not Secure] <Rcer_mc> pero no por eso me pegues p
[19:20:40] [Async Chat Thread - #1/INFO]: [Not Secure] <Rcer_mc> pipipi
[19:20:44] [Async Chat Thread - #1/INFO]: [Not Secure] <geotrush> perdon p era una nalgada dea
[19:20:48] [Async Chat Thread - #1/INFO]: [Not Secure] <Rcer_mc> MAÑUCO
[19:20:54] [Async Chat Thread - #1/INFO]: [Not Secure] <geotrush> yaya perdon p XDDDD
[19:21:49] [Async Chat Thread - #1/INFO]: [Not Secure] <geotrush> aaaaaaa
[19:21:52] [Async Chat Thread - #1/INFO]: [Not Secure] <geotrush> me asuste o XDD
[19:21:57] [Async Chat Thread - #1/INFO]: [Not Secure] <geotrush> ese creeper
[19:22:17] [Server thread/INFO]: Rcer_mc lost connection: Timed out
[19:22:17] [Server thread/INFO]: Rcer_mc left the game
[19:22:53] [User Authenticator #2/INFO]: UUID of player Rcer_mc is 697956e9-2eb5-37d0-ab08-c40f51de3c18
[19:22:54] [Server thread/INFO]: Rcer_mc joined the game
[19:22:54] [Server thread/INFO]: Rcer_mc[/127.9.77.92:35763] logged in with entity id 815 at ([world]-4551.242747947141, 126.0, 1142.075850034036)
[19:22:57] [Async Chat Thread - #2/INFO]: [Not Secure] <Rcer_mc> perdon
[19:23:01] [Async Chat Thread - #2/INFO]: [Not Secure] <geotrush> q paso XDD
[19:23:02] [Async Chat Thread - #2/INFO]: [Not Secure] <Rcer_mc> me dio paraalisis XD
[19:23:07] [Async Chat Thread - #2/INFO]: [Not Secure] <geotrush> XDDDDDD
[19:23:09] [Async Chat Thread - #2/INFO]: [Not Secure] <geotrush> no pasa nada p
[19:23:17] [Async Chat Thread - #2/INFO]: [Not Secure] <geotrush> habian 2 creepers en nuestros cultivos o XDDDDDD
[19:23:23] [Async Chat Thread - #2/INFO]: [Not Secure] <geotrush> camuflados XDDD
[19:23:29] [Async Chat Thread - #2/INFO]: [Not Secure] <Rcer_mc> si o
[19:25:56] [Async Chat Thread - #4/INFO]: [Not Secure] <Rcer_mc> niñito
[19:25:58] [Async Chat Thread - #4/INFO]: [Not Secure] <geotrush> q pasa mi vida
[19:26:08] [Async Chat Thread - #4/INFO]: [Not Secure] <Rcer_mc> como conseguiste el pico con fortuna 2?
[19:26:25] [Async Chat Thread - #4/INFO]: [Not Secure] <geotrush> con un aldeano librero p
[19:26:36] [Async Chat Thread - #4/INFO]: [Not Secure] <geotrush> tiene fortuna 1 pero los junte 2 p
[19:26:43] [Async Chat Thread - #4/INFO]: [Not Secure] <Rcer_mc> ayaaaa
[19:26:46] [Async Chat Thread - #4/INFO]: [Not Secure] <Rcer_mc> q pro mi vida
[19:26:48] [Async Chat Thread - #4/INFO]: [Not Secure] <geotrush> se puede hasta 3 por si acaso
[19:26:55] [Async Chat Thread - #4/INFO]: [Not Secure] <geotrush> ta bien p mi reina
[19:27:05] [Async Chat Thread - #4/INFO]: [Not Secure] <Rcer_mc> no p esq estaria bien con inrompibilidad tambien
[19:27:12] [Async Chat Thread - #4/INFO]: [Not Secure] <geotrush> cierto cierto
[19:27:21] [Async Chat Thread - #4/INFO]: [Not Secure] <geotrush> o mejor con reparacion pero ya no se consigue asi pipipi
[19:27:34] [Async Chat Thread - #4/INFO]: [Not Secure] <Rcer_mc> pipipi o
[19:27:35] [Async Chat Thread - #4/INFO]: [Not Secure] <geotrush> ahora es mas dificil o XDDD
[19:28:19] [Async Chat Thread - #4/INFO]: [Not Secure] <Rcer_mc> lo q me da miedo esq un creeper explote en nuestra casita
[19:28:24] [Async Chat Thread - #4/INFO]: [Not Secure] <geotrush> XDDDDDDDD
[19:28:27] [Async Chat Thread - #4/INFO]: [Not Secure] <geotrush> de hecho ya lo hizo
[19:28:34] [Async Chat Thread - #4/INFO]: [Not Secure] <Rcer_mc> pero otra vez
[19:28:42] [Async Chat Thread - #4/INFO]: [Not Secure] <Rcer_mc> y q cause mas daños p
[19:28:44] [Async Chat Thread - #4/INFO]: [Not Secure] <geotrush> aaayaaa XDDD
[19:28:47] [Async Chat Thread - #4/INFO]: [Not Secure] <geotrush> cierto cierto
[19:28:54] [Async Chat Thread - #4/INFO]: [Not Secure] <geotrush> o pero justo cuando te fuiste a almorzar
[19:29:03] [Async Chat Thread - #4/INFO]: [Not Secure] <geotrush> me exploto un creeper cuando iba con el barquito
[19:29:04] [Async Chat Thread - #4/INFO]: [Not Secure] <geotrush> XDDDD
[19:29:13] [Async Chat Thread - #4/INFO]: [Not Secure] <geotrush> es q habia salido p
[19:29:15] [Async Chat Thread - #4/INFO]: [Not Secure] <Rcer_mc> XDDD donde estabas con el barquiato p
[19:29:24] [Async Chat Thread - #4/INFO]: [Not Secure] <geotrush> abri la puerta y ahi estaba el creper o
[19:29:26] [Async Chat Thread - #4/INFO]: [Not Secure] <geotrush> en las flores
[19:29:28] [Async Chat Thread - #4/INFO]: [Not Secure] <geotrush> camuflado XDDDD
[19:29:36] [Async Chat Thread - #4/INFO]: [Not Secure] <Rcer_mc> XDDD son ninjas o
[19:29:54] [Async Chat Thread - #4/INFO]: [Not Secure] <geotrush> si o XDDDD
[19:30:09] [Async Chat Thread - #4/INFO]: [Not Secure] <geotrush> q pro mi vida
